Using pre-set license
Built from '2020.3/staging' branch; Version is '2020.3.4f1 (0abb6314276a) revision 703331'; Using compiler version '192528614'; Build Type 'Release'
OS: 'Windows 10 Pro; OS build 19043.1165; Version 2009; 64bit' Language: 'pt' Physical Memory: 8125 MB
BatchMode: 1, IsHumanControllingUs: 0, StartBugReporterOnCrash: 0, Is64bit: 1, IsPro: 0

 COMMAND LINE ARGUMENTS:
C:\Program Files\Unity\Hub\Editor\2020.3.4f1\Editor\Unity.exe
-adb2
-batchMode
-noUpm
-name
AssetImportWorker0
-projectPath
C:/Users/silva/OneDrive/Documentos/Unity Projects/2 Kitty Studio/Oniria Rocket
-logFile
Logs/AssetImportWorker0.log
-srvPort
52932
Successfully changed project path to: C:/Users/silva/OneDrive/Documentos/Unity Projects/2 Kitty Studio/Oniria Rocket
C:/Users/silva/OneDrive/Documentos/Unity Projects/2 Kitty Studio/Oniria Rocket
Using Asset Import Pipeline V2.
Refreshing native plugins compatible for Editor in 52.58 ms, found 0 plugins.
Preloading 0 native plugins for Editor in 0.00 ms.
Initialize engine version: 2020.3.4f1 (0abb6314276a)
[Subsystems] Discovering subsystems at path C:/Program Files/Unity/Hub/Editor/2020.3.4f1/Editor/Data/Resources/UnitySubsystems
[Subsystems] Discovering subsystems at path C:/Users/silva/OneDrive/Documentos/Unity Projects/2 Kitty Studio/Oniria Rocket/Assets
GfxDevice: creating device client; threaded=0
Direct3D:
    Version:  Direct3D 11.0 [level 11.1]
    Renderer: NVIDIA GeForce GTX 1060 6GB (ID=0x1c03)
    Vendor:   
    VRAM:     6052 MB
    Driver:   30.0.14.7196
Initialize mono
Mono path[0] = 'C:/Program Files/Unity/Hub/Editor/2020.3.4f1/Editor/Data/Managed'
Mono path[1] = 'C:/Program Files/Unity/Hub/Editor/2020.3.4f1/Editor/Data/MonoBleedingEdge/lib/mono/unityjit'
Mono config path = 'C:/Program Files/Unity/Hub/Editor/2020.3.4f1/Editor/Data/MonoBleedingEdge/etc'
Using monoOptions --debugger-agent=transport=dt_socket,embedding=1,server=y,suspend=n,address=127.0.0.1:56844
Begin MonoManager ReloadAssembly
Registering precompiled unity dll's ...
Register platform support module: C:/Program Files/Unity/Hub/Editor/2020.3.4f1/Editor/Data/PlaybackEngines/WebGLSupport/UnityEditor.WebGL.Extensions.dll
Register platform support module: C:/Program Files/Unity/Hub/Editor/2020.3.4f1/Editor/Data/PlaybackEngines/WindowsStandaloneSupport/UnityEditor.WindowsStandalone.Extensions.dll
Registered in 0.002414 seconds.
Native extension for WindowsStandalone target not found
Native extension for WebGL target not found
Refreshing native plugins compatible for Editor in 27.86 ms, found 0 plugins.
Preloading 0 native plugins for Editor in 0.00 ms.
Mono: successfully reloaded assembly
- Completed reload, in  1.110 seconds
Platform modules already initialized, skipping
Registering precompiled user dll's ...
Registered in 0.000836 seconds.
Begin MonoManager ReloadAssembly
Native extension for WindowsStandalone target not found
Native extension for WebGL target not found
Refreshing native plugins compatible for Editor in 43.75 ms, found 0 plugins.
Preloading 0 native plugins for Editor in 0.00 ms.
Mono: successfully reloaded assembly
- Completed reload, in  1.130 seconds
Platform modules already initialized, skipping
========================================================================
Worker process is ready to serve import requests
Launched and connected shader compiler UnityShaderCompiler.exe after 0.10 seconds
Refreshing native plugins compatible for Editor in 0.26 ms, found 0 plugins.
Preloading 0 native plugins for Editor in 0.00 ms.
Unloading 1458 Unused Serialized files (Serialized files now loaded: 0)
System memory in use before: 89.6 MB.
System memory in use after: 89.5 MB.

Unloading 24 unused Assets to reduce memory usage. Loaded Objects now: 1933.
Total: 2.843700 ms (FindLiveObjects: 0.414000 ms CreateObjectMapping: 0.109300 ms MarkObjects: 2.067300 ms  DeleteObjects: 0.251300 ms)

========================================================================
Received Import Request.
  path: Assets/Script/Second_Stage.cs
  artifactKey: Guid(95568935218403943ab8b58dd6cd6a49) Importer(815301076,1909f56bfc062723c751e8b465ee728b)
Start importing Assets/Script/Second_Stage.cs using Guid(95568935218403943ab8b58dd6cd6a49) Importer(815301076,1909f56bfc062723c751e8b465ee728b)  -> (artifact id: '339fa71ca21e0d9dfb72ba19b756199c') in 0.700260 seconds
  Import took 0.706304 seconds .

========================================================================
Received Prepare
Registering precompiled user dll's ...
Registered in 0.001135 seconds.
Begin MonoManager ReloadAssembly
Native extension for WindowsStandalone target not found
Native extension for WebGL target not found
Refreshing native plugins compatible for Editor in 0.25 ms, found 0 plugins.
Preloading 0 native plugins for Editor in 0.00 ms.
Mono: successfully reloaded assembly
- Completed reload, in  1.016 seconds
Platform modules already initialized, skipping
Refreshing native plugins compatible for Editor in 0.26 ms, found 0 plugins.
Preloading 0 native plugins for Editor in 0.00 ms.
Unloading 1413 Unused Serialized files (Serialized files now loaded: 0)
System memory in use before: 85.8 MB.
System memory in use after: 85.7 MB.

Unloading 9 unused Assets to reduce memory usage. Loaded Objects now: 1936.
Total: 4.458300 ms (FindLiveObjects: 0.377900 ms CreateObjectMapping: 0.170100 ms MarkObjects: 3.590100 ms  DeleteObjects: 0.318300 ms)

========================================================================
Received Prepare
Registering precompiled user dll's ...
Registered in 0.000884 seconds.
Begin MonoManager ReloadAssembly
Native extension for WindowsStandalone target not found
Native extension for WebGL target not found
Refreshing native plugins compatible for Editor in 0.26 ms, found 0 plugins.
Preloading 0 native plugins for Editor in 0.00 ms.
Mono: successfully reloaded assembly
- Completed reload, in  1.045 seconds
Platform modules already initialized, skipping
Refreshing native plugins compatible for Editor in 0.26 ms, found 0 plugins.
Preloading 0 native plugins for Editor in 0.00 ms.
Unloading 1413 Unused Serialized files (Serialized files now loaded: 0)
System memory in use before: 85.8 MB.
System memory in use after: 85.7 MB.

Unloading 9 unused Assets to reduce memory usage. Loaded Objects now: 1939.
Total: 1.923900 ms (FindLiveObjects: 0.153800 ms CreateObjectMapping: 0.046300 ms MarkObjects: 1.506000 ms  DeleteObjects: 0.216900 ms)

========================================================================
Received Prepare
Registering precompiled user dll's ...
Registered in 0.000916 seconds.
Begin MonoManager ReloadAssembly
Native extension for WindowsStandalone target not found
Native extension for WebGL target not found
Refreshing native plugins compatible for Editor in 0.29 ms, found 0 plugins.
Preloading 0 native plugins for Editor in 0.00 ms.
Mono: successfully reloaded assembly
- Completed reload, in  1.007 seconds
Platform modules already initialized, skipping
Refreshing native plugins compatible for Editor in 0.30 ms, found 0 plugins.
Preloading 0 native plugins for Editor in 0.00 ms.
Unloading 1413 Unused Serialized files (Serialized files now loaded: 0)
System memory in use before: 85.8 MB.
System memory in use after: 85.7 MB.

Unloading 9 unused Assets to reduce memory usage. Loaded Objects now: 1942.
Total: 2.495000 ms (FindLiveObjects: 0.187600 ms CreateObjectMapping: 0.049500 ms MarkObjects: 2.031400 ms  DeleteObjects: 0.225300 ms)

========================================================================
Received Prepare
Registering precompiled user dll's ...
Registered in 0.000854 seconds.
Begin MonoManager ReloadAssembly
Native extension for WindowsStandalone target not found
Native extension for WebGL target not found
Refreshing native plugins compatible for Editor in 0.29 ms, found 0 plugins.
Preloading 0 native plugins for Editor in 0.00 ms.
Mono: successfully reloaded assembly
- Completed reload, in  0.989 seconds
Platform modules already initialized, skipping
Refreshing native plugins compatible for Editor in 0.26 ms, found 0 plugins.
Preloading 0 native plugins for Editor in 0.00 ms.
Unloading 1413 Unused Serialized files (Serialized files now loaded: 0)
System memory in use before: 85.8 MB.
System memory in use after: 85.7 MB.

Unloading 9 unused Assets to reduce memory usage. Loaded Objects now: 1945.
Total: 1.860300 ms (FindLiveObjects: 0.201100 ms CreateObjectMapping: 0.053500 ms MarkObjects: 1.411300 ms  DeleteObjects: 0.192500 ms)

========================================================================
Received Prepare
Registering precompiled user dll's ...
Registered in 0.000840 seconds.
Begin MonoManager ReloadAssembly
Native extension for WindowsStandalone target not found
Native extension for WebGL target not found
Refreshing native plugins compatible for Editor in 0.26 ms, found 0 plugins.
Preloading 0 native plugins for Editor in 0.00 ms.
Mono: successfully reloaded assembly
- Completed reload, in  0.991 seconds
Platform modules already initialized, skipping
Refreshing native plugins compatible for Editor in 0.26 ms, found 0 plugins.
Preloading 0 native plugins for Editor in 0.00 ms.
Unloading 1413 Unused Serialized files (Serialized files now loaded: 0)
System memory in use before: 85.8 MB.
System memory in use after: 85.7 MB.

Unloading 9 unused Assets to reduce memory usage. Loaded Objects now: 1948.
Total: 2.362800 ms (FindLiveObjects: 0.367500 ms CreateObjectMapping: 0.093900 ms MarkObjects: 1.685500 ms  DeleteObjects: 0.214100 ms)

========================================================================
Received Prepare
Registering precompiled user dll's ...
Registered in 0.000857 seconds.
Begin MonoManager ReloadAssembly
Native extension for WindowsStandalone target not found
Native extension for WebGL target not found
Refreshing native plugins compatible for Editor in 0.25 ms, found 0 plugins.
Preloading 0 native plugins for Editor in 0.00 ms.
Mono: successfully reloaded assembly
- Completed reload, in  1.042 seconds
Platform modules already initialized, skipping
Refreshing native plugins compatible for Editor in 0.26 ms, found 0 plugins.
Preloading 0 native plugins for Editor in 0.00 ms.
Unloading 1413 Unused Serialized files (Serialized files now loaded: 0)
System memory in use before: 85.9 MB.
System memory in use after: 85.7 MB.

Unloading 9 unused Assets to reduce memory usage. Loaded Objects now: 1951.
Total: 2.577800 ms (FindLiveObjects: 0.277200 ms CreateObjectMapping: 0.081900 ms MarkObjects: 1.867400 ms  DeleteObjects: 0.348800 ms)

========================================================================
Received Prepare
Registering precompiled user dll's ...
Registered in 0.000873 seconds.
Begin MonoManager ReloadAssembly
Native extension for WindowsStandalone target not found
Native extension for WebGL target not found
Refreshing native plugins compatible for Editor in 0.59 ms, found 0 plugins.
Preloading 0 native plugins for Editor in 0.00 ms.
Mono: successfully reloaded assembly
- Completed reload, in  1.203 seconds
Platform modules already initialized, skipping
Refreshing native plugins compatible for Editor in 0.25 ms, found 0 plugins.
Preloading 0 native plugins for Editor in 0.00 ms.
Unloading 1413 Unused Serialized files (Serialized files now loaded: 0)
System memory in use before: 85.9 MB.
System memory in use after: 85.8 MB.

Unloading 9 unused Assets to reduce memory usage. Loaded Objects now: 1954.
Total: 10.293900 ms (FindLiveObjects: 0.472100 ms CreateObjectMapping: 0.183300 ms MarkObjects: 7.765900 ms  DeleteObjects: 1.866800 ms)

========================================================================
Received Prepare
Registering precompiled user dll's ...
Registered in 0.000869 seconds.
Begin MonoManager ReloadAssembly
Native extension for WindowsStandalone target not found
Native extension for WebGL target not found
Refreshing native plugins compatible for Editor in 0.40 ms, found 0 plugins.
Preloading 0 native plugins for Editor in 0.00 ms.
Mono: successfully reloaded assembly
- Completed reload, in  1.045 seconds
Platform modules already initialized, skipping
Refreshing native plugins compatible for Editor in 0.27 ms, found 0 plugins.
Preloading 0 native plugins for Editor in 0.00 ms.
Unloading 1413 Unused Serialized files (Serialized files now loaded: 0)
System memory in use before: 85.9 MB.
System memory in use after: 85.8 MB.

Unloading 9 unused Assets to reduce memory usage. Loaded Objects now: 1957.
Total: 2.018600 ms (FindLiveObjects: 0.195500 ms CreateObjectMapping: 0.052100 ms MarkObjects: 1.565600 ms  DeleteObjects: 0.204300 ms)

========================================================================
Received Prepare
Registering precompiled user dll's ...
Registered in 0.000877 seconds.
Begin MonoManager ReloadAssembly
Native extension for WindowsStandalone target not found
Native extension for WebGL target not found
Refreshing native plugins compatible for Editor in 0.26 ms, found 0 plugins.
Preloading 0 native plugins for Editor in 0.00 ms.
Mono: successfully reloaded assembly
- Completed reload, in  1.036 seconds
Platform modules already initialized, skipping
Refreshing native plugins compatible for Editor in 0.40 ms, found 0 plugins.
Preloading 0 native plugins for Editor in 0.00 ms.
Unloading 1413 Unused Serialized files (Serialized files now loaded: 0)
System memory in use before: 85.9 MB.
System memory in use after: 85.8 MB.

Unloading 9 unused Assets to reduce memory usage. Loaded Objects now: 1960.
Total: 2.313600 ms (FindLiveObjects: 0.230300 ms CreateObjectMapping: 0.061700 ms MarkObjects: 1.785700 ms  DeleteObjects: 0.233700 ms)

========================================================================
Received Prepare
Registering precompiled user dll's ...
Registered in 0.001057 seconds.
Begin MonoManager ReloadAssembly
Native extension for WindowsStandalone target not found
Native extension for WebGL target not found
Refreshing native plugins compatible for Editor in 0.30 ms, found 0 plugins.
Preloading 0 native plugins for Editor in 0.00 ms.
Mono: successfully reloaded assembly
- Completed reload, in  0.997 seconds
Platform modules already initialized, skipping
Refreshing native plugins compatible for Editor in 0.25 ms, found 0 plugins.
Preloading 0 native plugins for Editor in 0.00 ms.
Unloading 1413 Unused Serialized files (Serialized files now loaded: 0)
System memory in use before: 85.9 MB.
System memory in use after: 85.8 MB.

Unloading 9 unused Assets to reduce memory usage. Loaded Objects now: 1963.
Total: 2.078000 ms (FindLiveObjects: 0.174500 ms CreateObjectMapping: 0.046900 ms MarkObjects: 1.660400 ms  DeleteObjects: 0.195200 ms)

========================================================================
Received Prepare
Registering precompiled user dll's ...
Registered in 0.000939 seconds.
Begin MonoManager ReloadAssembly
Native extension for WindowsStandalone target not found
Native extension for WebGL target not found
Refreshing native plugins compatible for Editor in 0.26 ms, found 0 plugins.
Preloading 0 native plugins for Editor in 0.00 ms.
Mono: successfully reloaded assembly
- Completed reload, in  1.045 seconds
Platform modules already initialized, skipping
Refreshing native plugins compatible for Editor in 0.31 ms, found 0 plugins.
Preloading 0 native plugins for Editor in 0.00 ms.
Unloading 1413 Unused Serialized files (Serialized files now loaded: 0)
System memory in use before: 85.9 MB.
System memory in use after: 85.8 MB.

Unloading 9 unused Assets to reduce memory usage. Loaded Objects now: 1966.
Total: 2.752700 ms (FindLiveObjects: 0.321900 ms CreateObjectMapping: 0.079600 ms MarkObjects: 2.128600 ms  DeleteObjects: 0.220400 ms)

========================================================================
Received Prepare
Registering precompiled user dll's ...
Registered in 0.000848 seconds.
Begin MonoManager ReloadAssembly
Native extension for WindowsStandalone target not found
Native extension for WebGL target not found
Refreshing native plugins compatible for Editor in 0.26 ms, found 0 plugins.
Preloading 0 native plugins for Editor in 0.00 ms.
Mono: successfully reloaded assembly
- Completed reload, in  1.036 seconds
Platform modules already initialized, skipping
Refreshing native plugins compatible for Editor in 0.36 ms, found 0 plugins.
Preloading 0 native plugins for Editor in 0.00 ms.
Unloading 1413 Unused Serialized files (Serialized files now loaded: 0)
System memory in use before: 85.9 MB.
System memory in use after: 85.8 MB.

Unloading 9 unused Assets to reduce memory usage. Loaded Objects now: 1969.
Total: 2.114300 ms (FindLiveObjects: 0.199100 ms CreateObjectMapping: 0.049400 ms MarkObjects: 1.657300 ms  DeleteObjects: 0.202600 ms)

========================================================================
Received Prepare
Registering precompiled user dll's ...
Registered in 0.000902 seconds.
Begin MonoManager ReloadAssembly
Native extension for WindowsStandalone target not found
Native extension for WebGL target not found
Refreshing native plugins compatible for Editor in 0.28 ms, found 0 plugins.
Preloading 0 native plugins for Editor in 0.00 ms.
Mono: successfully reloaded assembly
- Completed reload, in  1.060 seconds
Platform modules already initialized, skipping
Refreshing native plugins compatible for Editor in 0.34 ms, found 0 plugins.
Preloading 0 native plugins for Editor in 0.00 ms.
Unloading 1413 Unused Serialized files (Serialized files now loaded: 0)
System memory in use before: 85.9 MB.
System memory in use after: 85.8 MB.

Unloading 9 unused Assets to reduce memory usage. Loaded Objects now: 1972.
Total: 3.034300 ms (FindLiveObjects: 0.388300 ms CreateObjectMapping: 0.069400 ms MarkObjects: 2.231500 ms  DeleteObjects: 0.343400 ms)

========================================================================
Received Prepare
Registering precompiled user dll's ...
Registered in 0.001742 seconds.
Begin MonoManager ReloadAssembly
Native extension for WindowsStandalone target not found
Native extension for WebGL target not found
Refreshing native plugins compatible for Editor in 0.42 ms, found 0 plugins.
Preloading 0 native plugins for Editor in 0.00 ms.
Mono: successfully reloaded assembly
- Completed reload, in  1.389 seconds
Platform modules already initialized, skipping
Refreshing native plugins compatible for Editor in 0.32 ms, found 0 plugins.
Preloading 0 native plugins for Editor in 0.00 ms.
Unloading 1413 Unused Serialized files (Serialized files now loaded: 0)
System memory in use before: 85.9 MB.
System memory in use after: 85.8 MB.

Unloading 9 unused Assets to reduce memory usage. Loaded Objects now: 1975.
Total: 2.511800 ms (FindLiveObjects: 0.200700 ms CreateObjectMapping: 0.058600 ms MarkObjects: 2.018800 ms  DeleteObjects: 0.232000 ms)

========================================================================
Received Prepare
Registering precompiled user dll's ...
Registered in 0.000852 seconds.
Begin MonoManager ReloadAssembly
Native extension for WindowsStandalone target not found
Native extension for WebGL target not found
Refreshing native plugins compatible for Editor in 0.25 ms, found 0 plugins.
Preloading 0 native plugins for Editor in 0.00 ms.
Mono: successfully reloaded assembly
- Completed reload, in  1.008 seconds
Platform modules already initialized, skipping
Refreshing native plugins compatible for Editor in 0.32 ms, found 0 plugins.
Preloading 0 native plugins for Editor in 0.00 ms.
Unloading 1413 Unused Serialized files (Serialized files now loaded: 0)
System memory in use before: 85.9 MB.
System memory in use after: 85.8 MB.

Unloading 9 unused Assets to reduce memory usage. Loaded Objects now: 1978.
Total: 2.035300 ms (FindLiveObjects: 0.225300 ms CreateObjectMapping: 0.058400 ms MarkObjects: 1.516100 ms  DeleteObjects: 0.233900 ms)

========================================================================
Received Prepare
Registering precompiled user dll's ...
Registered in 0.001451 seconds.
Begin MonoManager ReloadAssembly
Native extension for WindowsStandalone target not found
Native extension for WebGL target not found
Refreshing native plugins compatible for Editor in 0.25 ms, found 0 plugins.
Preloading 0 native plugins for Editor in 0.00 ms.
Mono: successfully reloaded assembly
- Completed reload, in  0.984 seconds
Platform modules already initialized, skipping
Refreshing native plugins compatible for Editor in 0.27 ms, found 0 plugins.
Preloading 0 native plugins for Editor in 0.00 ms.
Unloading 1413 Unused Serialized files (Serialized files now loaded: 0)
System memory in use before: 85.9 MB.
System memory in use after: 85.8 MB.

Unloading 9 unused Assets to reduce memory usage. Loaded Objects now: 1981.
Total: 1.817000 ms (FindLiveObjects: 0.172700 ms CreateObjectMapping: 0.048200 ms MarkObjects: 1.395500 ms  DeleteObjects: 0.199500 ms)

========================================================================
Received Import Request.
  Time since last request: 2836.462007 seconds.
  path: Assets/Samples
  artifactKey: Guid(07d3148d12508ad41b12535256936e0e) Importer(815301076,1909f56bfc062723c751e8b465ee728b)
Start importing Assets/Samples using Guid(07d3148d12508ad41b12535256936e0e) Importer(815301076,1909f56bfc062723c751e8b465ee728b)  -> (artifact id: 'c11f37bdfa4d17ad07ca9aec43be210e') in 0.012380 seconds
  Import took 0.017311 seconds .

========================================================================
Received Import Request.
  Time since last request: 1.229136 seconds.
  path: Assets/Samples/Terrain Tools
  artifactKey: Guid(3a0d7b437317fd649964fedffd9483fd) Importer(815301076,1909f56bfc062723c751e8b465ee728b)
Start importing Assets/Samples/Terrain Tools using Guid(3a0d7b437317fd649964fedffd9483fd) Importer(815301076,1909f56bfc062723c751e8b465ee728b)  -> (artifact id: 'de303c9a00452fd1d34f007c5b856d7d') in 0.026587 seconds
  Import took 0.031776 seconds .

========================================================================
Received Prepare
Registering precompiled user dll's ...
Registered in 0.001489 seconds.
Begin MonoManager ReloadAssembly
Native extension for WindowsStandalone target not found
Native extension for WebGL target not found
Refreshing native plugins compatible for Editor in 0.30 ms, found 0 plugins.
Preloading 0 native plugins for Editor in 0.00 ms.
Mono: successfully reloaded assembly
- Completed reload, in  1.043 seconds
Platform modules already initialized, skipping
Refreshing native plugins compatible for Editor in 0.26 ms, found 0 plugins.
Preloading 0 native plugins for Editor in 0.00 ms.
Unloading 1413 Unused Serialized files (Serialized files now loaded: 0)
System memory in use before: 85.9 MB.
System memory in use after: 85.8 MB.

Unloading 9 unused Assets to reduce memory usage. Loaded Objects now: 1984.
Total: 3.422800 ms (FindLiveObjects: 0.289400 ms CreateObjectMapping: 0.095500 ms MarkObjects: 2.239900 ms  DeleteObjects: 0.795200 ms)

========================================================================
Received Import Request.
  Time since last request: 16.734252 seconds.
  path: Assets/Sound Effects
  artifactKey: Guid(819f4e0446226ca47af6e51eca524a4d) Importer(815301076,1909f56bfc062723c751e8b465ee728b)
Start importing Assets/Sound Effects using Guid(819f4e0446226ca47af6e51eca524a4d) Importer(815301076,1909f56bfc062723c751e8b465ee728b)  -> (artifact id: '6edb292add476553681d7e470d3c9b89') in 0.013802 seconds
  Import took 0.018802 seconds .

========================================================================
Received Import Request.
  Time since last request: 21.225642 seconds.
  path: Assets/Terrain
  artifactKey: Guid(584d907cb522a5b479eb3a540bd9d4c7) Importer(815301076,1909f56bfc062723c751e8b465ee728b)
Start importing Assets/Terrain using Guid(584d907cb522a5b479eb3a540bd9d4c7) Importer(815301076,1909f56bfc062723c751e8b465ee728b)  -> (artifact id: '9ba6214046f1030f653c9e003bd87310') in 0.009433 seconds
  Import took 0.014641 seconds .

========================================================================
Received Import Request.
  Time since last request: 0.098576 seconds.
  path: Assets/Terrain/Terrain_0_0_3e273700-e178-4701-b51f-0e59b0dc43a9.asset
  artifactKey: Guid(9b2ac81664ab9ad4ba4ab41523a14428) Importer(815301076,1909f56bfc062723c751e8b465ee728b)
Start importing Assets/Terrain/Terrain_0_0_3e273700-e178-4701-b51f-0e59b0dc43a9.asset using Guid(9b2ac81664ab9ad4ba4ab41523a14428) Importer(815301076,1909f56bfc062723c751e8b465ee728b)  -> (artifact id: 'ea25d7afc484c79bc0761e4a49e4a56a') in 0.201609 seconds
  Import took 0.220901 seconds .

========================================================================
Received Import Request.
  Time since last request: 14.482566 seconds.
  path: Assets/[BFW]SimpleDynamicClouds
  artifactKey: Guid(26af7b83ee4756443bc1b3dc602d7da3) Importer(815301076,1909f56bfc062723c751e8b465ee728b)
Start importing Assets/[BFW]SimpleDynamicClouds using Guid(26af7b83ee4756443bc1b3dc602d7da3) Importer(815301076,1909f56bfc062723c751e8b465ee728b)  -> (artifact id: 'e32b80628fdd4abbdd5a6a29165a4bfe') in 0.017338 seconds
  Import took 0.021796 seconds .

========================================================================
Received Prepare
Registering precompiled user dll's ...
Registered in 0.000908 seconds.
Begin MonoManager ReloadAssembly
Native extension for WindowsStandalone target not found
Native extension for WebGL target not found
Refreshing native plugins compatible for Editor in 0.26 ms, found 0 plugins.
Preloading 0 native plugins for Editor in 0.00 ms.
Mono: successfully reloaded assembly
- Completed reload, in  1.033 seconds
Platform modules already initialized, skipping
Refreshing native plugins compatible for Editor in 0.30 ms, found 0 plugins.
Preloading 0 native plugins for Editor in 0.00 ms.
Unloading 1413 Unused Serialized files (Serialized files now loaded: 0)
System memory in use before: 86.0 MB.
System memory in use after: 85.8 MB.

Unloading 9 unused Assets to reduce memory usage. Loaded Objects now: 1989.
Total: 2.100600 ms (FindLiveObjects: 0.214600 ms CreateObjectMapping: 0.056900 ms MarkObjects: 1.608200 ms  DeleteObjects: 0.219700 ms)

========================================================================
Received Prepare
Registering precompiled user dll's ...
Registered in 0.001113 seconds.
Begin MonoManager ReloadAssembly
Native extension for WindowsStandalone target not found
Native extension for WebGL target not found
Refreshing native plugins compatible for Editor in 0.26 ms, found 0 plugins.
Preloading 0 native plugins for Editor in 0.00 ms.
Mono: successfully reloaded assembly
- Completed reload, in  1.036 seconds
Platform modules already initialized, skipping
Refreshing native plugins compatible for Editor in 0.75 ms, found 0 plugins.
Preloading 0 native plugins for Editor in 0.00 ms.
Unloading 1413 Unused Serialized files (Serialized files now loaded: 0)
System memory in use before: 86.0 MB.
System memory in use after: 85.8 MB.

Unloading 9 unused Assets to reduce memory usage. Loaded Objects now: 1992.
Total: 3.256100 ms (FindLiveObjects: 0.334800 ms CreateObjectMapping: 0.154100 ms MarkObjects: 2.347500 ms  DeleteObjects: 0.416300 ms)

========================================================================
Received Prepare
Registering precompiled user dll's ...
Registered in 0.000849 seconds.
Begin MonoManager ReloadAssembly
Native extension for WindowsStandalone target not found
Native extension for WebGL target not found
Refreshing native plugins compatible for Editor in 0.26 ms, found 0 plugins.
Preloading 0 native plugins for Editor in 0.00 ms.
Mono: successfully reloaded assembly
- Completed reload, in  0.993 seconds
Platform modules already initialized, skipping
Refreshing native plugins compatible for Editor in 0.26 ms, found 0 plugins.
Preloading 0 native plugins for Editor in 0.00 ms.
Unloading 1413 Unused Serialized files (Serialized files now loaded: 0)
System memory in use before: 86.0 MB.
System memory in use after: 85.9 MB.

Unloading 9 unused Assets to reduce memory usage. Loaded Objects now: 1995.
Total: 2.247400 ms (FindLiveObjects: 0.281700 ms CreateObjectMapping: 0.077000 ms MarkObjects: 1.678000 ms  DeleteObjects: 0.209100 ms)

========================================================================
Received Prepare
Refreshing native plugins compatible for Editor in 1.10 ms, found 0 plugins.
Preloading 0 native plugins for Editor in 0.00 ms.
Unloading 6 Unused Serialized files (Serialized files now loaded: 0)
System memory in use before: 57.6 MB.
System memory in use after: 57.5 MB.

Unloading 6 unused Assets to reduce memory usage. Loaded Objects now: 1995.
Total: 2.844500 ms (FindLiveObjects: 0.327900 ms CreateObjectMapping: 0.078700 ms MarkObjects: 2.126700 ms  DeleteObjects: 0.309800 ms)

========================================================================
Received Prepare
Registering precompiled user dll's ...
Registered in 0.000922 seconds.
Begin MonoManager ReloadAssembly
Native extension for WindowsStandalone target not found
Native extension for WebGL target not found
Refreshing native plugins compatible for Editor in 0.87 ms, found 0 plugins.
Preloading 0 native plugins for Editor in 0.00 ms.
Mono: successfully reloaded assembly
- Completed reload, in  1.682 seconds
Platform modules already initialized, skipping
Refreshing native plugins compatible for Editor in 0.26 ms, found 0 plugins.
Preloading 0 native plugins for Editor in 0.00 ms.
Unloading 1413 Unused Serialized files (Serialized files now loaded: 0)
System memory in use before: 86.5 MB.
System memory in use after: 86.4 MB.

Unloading 9 unused Assets to reduce memory usage. Loaded Objects now: 1998.
Total: 4.726100 ms (FindLiveObjects: 0.351400 ms CreateObjectMapping: 0.122600 ms MarkObjects: 3.793100 ms  DeleteObjects: 0.456600 ms)

========================================================================
Received Prepare
Registering precompiled user dll's ...
Registered in 0.000972 seconds.
Begin MonoManager ReloadAssembly
Native extension for WindowsStandalone target not found
Native extension for WebGL target not found
Refreshing native plugins compatible for Editor in 0.26 ms, found 0 plugins.
Preloading 0 native plugins for Editor in 0.00 ms.
Mono: successfully reloaded assembly
- Completed reload, in  1.134 seconds
Platform modules already initialized, skipping
Refreshing native plugins compatible for Editor in 0.27 ms, found 0 plugins.
Preloading 0 native plugins for Editor in 0.00 ms.
Unloading 1413 Unused Serialized files (Serialized files now loaded: 0)
System memory in use before: 86.5 MB.
System memory in use after: 86.4 MB.

Unloading 9 unused Assets to reduce memory usage. Loaded Objects now: 2001.
Total: 2.108200 ms (FindLiveObjects: 0.171200 ms CreateObjectMapping: 0.058800 ms MarkObjects: 1.659700 ms  DeleteObjects: 0.217500 ms)

========================================================================
Received Prepare
Refreshing native plugins compatible for Editor in 1.29 ms, found 0 plugins.
Preloading 0 native plugins for Editor in 0.00 ms.
Unloading 6 Unused Serialized files (Serialized files now loaded: 0)
System memory in use before: 58.1 MB.
System memory in use after: 58.0 MB.

Unloading 6 unused Assets to reduce memory usage. Loaded Objects now: 2001.
Total: 5.072400 ms (FindLiveObjects: 0.308900 ms CreateObjectMapping: 0.088900 ms MarkObjects: 3.390000 ms  DeleteObjects: 1.281700 ms)

========================================================================
Received Prepare
Registering precompiled user dll's ...
Registered in 0.016505 seconds.
Begin MonoManager ReloadAssembly
Native extension for WindowsStandalone target not found
Native extension for WebGL target not found
Refreshing native plugins compatible for Editor in 0.29 ms, found 0 plugins.
Preloading 0 native plugins for Editor in 0.00 ms.
Mono: successfully reloaded assembly
- Completed reload, in  7.101 seconds
Platform modules already initialized, skipping
Refreshing native plugins compatible for Editor in 0.26 ms, found 0 plugins.
Preloading 0 native plugins for Editor in 0.00 ms.
Unloading 1413 Unused Serialized files (Serialized files now loaded: 0)
System memory in use before: 86.5 MB.
System memory in use after: 86.4 MB.

Unloading 9 unused Assets to reduce memory usage. Loaded Objects now: 2004.
Total: 2.065400 ms (FindLiveObjects: 0.194600 ms CreateObjectMapping: 0.055100 ms MarkObjects: 1.584700 ms  DeleteObjects: 0.230100 ms)

========================================================================
Received Prepare
Registering precompiled user dll's ...
Registered in 0.001234 seconds.
Begin MonoManager ReloadAssembly
Native extension for WindowsStandalone target not found
Native extension for WebGL target not found
Refreshing native plugins compatible for Editor in 0.54 ms, found 0 plugins.
Preloading 0 native plugins for Editor in 0.00 ms.
Mono: successfully reloaded assembly
- Completed reload, in  1.157 seconds
Platform modules already initialized, skipping
Refreshing native plugins compatible for Editor in 0.26 ms, found 0 plugins.
Preloading 0 native plugins for Editor in 0.00 ms.
Unloading 1413 Unused Serialized files (Serialized files now loaded: 0)
System memory in use before: 86.5 MB.
System memory in use after: 86.4 MB.

Unloading 9 unused Assets to reduce memory usage. Loaded Objects now: 2007.
Total: 2.376500 ms (FindLiveObjects: 0.283600 ms CreateObjectMapping: 0.076600 ms MarkObjects: 1.793900 ms  DeleteObjects: 0.220700 ms)

========================================================================
Received Import Request.
  Time since last request: 14652.351098 seconds.
  path: Assets/Script/FirstStage.cs
  artifactKey: Guid(06e8b9fc43741064e96281c33502e127) Importer(815301076,1909f56bfc062723c751e8b465ee728b)
Start importing Assets/Script/FirstStage.cs using Guid(06e8b9fc43741064e96281c33502e127) Importer(815301076,1909f56bfc062723c751e8b465ee728b)  -> (artifact id: '2999b121cc00ff9e04161190ac9076d6') in 0.032748 seconds
  Import took 0.133715 seconds .

========================================================================
Received Import Request.
  Time since last request: 2.118584 seconds.
  path: Assets/Script/Second_Stage.cs
  artifactKey: Guid(95568935218403943ab8b58dd6cd6a49) Importer(815301076,1909f56bfc062723c751e8b465ee728b)
Start importing Assets/Script/Second_Stage.cs using Guid(95568935218403943ab8b58dd6cd6a49) Importer(815301076,1909f56bfc062723c751e8b465ee728b)  -> (artifact id: '524ecc85529980f9668e02a3770a6ef3') in 0.031470 seconds
  Import took 0.394428 seconds .

========================================================================
Received Prepare
Registering precompiled user dll's ...
Registered in 0.000842 seconds.
Begin MonoManager ReloadAssembly
Native extension for WindowsStandalone target not found
Native extension for WebGL target not found
Refreshing native plugins compatible for Editor in 0.45 ms, found 0 plugins.
Preloading 0 native plugins for Editor in 0.00 ms.
Mono: successfully reloaded assembly
- Completed reload, in  1.311 seconds
Platform modules already initialized, skipping
Refreshing native plugins compatible for Editor in 0.34 ms, found 0 plugins.
Preloading 0 native plugins for Editor in 0.00 ms.
Unloading 1414 Unused Serialized files (Serialized files now loaded: 0)
System memory in use before: 86.5 MB.
System memory in use after: 86.4 MB.

Unloading 9 unused Assets to reduce memory usage. Loaded Objects now: 2011.
Total: 3.648300 ms (FindLiveObjects: 0.178100 ms CreateObjectMapping: 0.051000 ms MarkObjects: 3.117300 ms  DeleteObjects: 0.300300 ms)

========================================================================
Received Import Request.
  Time since last request: 36.411748 seconds.
  path: Assets/Script/First_Stage.cs
  artifactKey: Guid(06e8b9fc43741064e96281c33502e127) Importer(815301076,1909f56bfc062723c751e8b465ee728b)
Start importing Assets/Script/First_Stage.cs using Guid(06e8b9fc43741064e96281c33502e127) Importer(815301076,1909f56bfc062723c751e8b465ee728b)  -> (artifact id: '698cf2bef468f73452df4fd5220dc857') in 0.074608 seconds
  Import took 0.154733 seconds .

========================================================================
Received Prepare
Registering precompiled user dll's ...
Registered in 0.000854 seconds.
Begin MonoManager ReloadAssembly
Native extension for WindowsStandalone target not found
Native extension for WebGL target not found
Refreshing native plugins compatible for Editor in 0.36 ms, found 0 plugins.
Preloading 0 native plugins for Editor in 0.00 ms.
Mono: successfully reloaded assembly
- Completed reload, in  1.179 seconds
Platform modules already initialized, skipping
Refreshing native plugins compatible for Editor in 0.27 ms, found 0 plugins.
Preloading 0 native plugins for Editor in 0.00 ms.
Unloading 1414 Unused Serialized files (Serialized files now loaded: 0)
System memory in use before: 86.5 MB.
System memory in use after: 86.4 MB.

Unloading 9 unused Assets to reduce memory usage. Loaded Objects now: 2014.
Total: 12.949900 ms (FindLiveObjects: 0.245700 ms CreateObjectMapping: 0.090200 ms MarkObjects: 12.363800 ms  DeleteObjects: 0.248500 ms)

========================================================================
Received Prepare
Registering precompiled user dll's ...
Registered in 0.001042 seconds.
Begin MonoManager ReloadAssembly
Native extension for WindowsStandalone target not found
Native extension for WebGL target not found
Refreshing native plugins compatible for Editor in 0.35 ms, found 0 plugins.
Preloading 0 native plugins for Editor in 0.00 ms.
Mono: successfully reloaded assembly
- Completed reload, in  1.178 seconds
Platform modules already initialized, skipping
Refreshing native plugins compatible for Editor in 0.30 ms, found 0 plugins.
Preloading 0 native plugins for Editor in 0.00 ms.
Unloading 1414 Unused Serialized files (Serialized files now loaded: 0)
System memory in use before: 86.6 MB.
System memory in use after: 86.5 MB.

Unloading 9 unused Assets to reduce memory usage. Loaded Objects now: 2017.
Total: 2.081600 ms (FindLiveObjects: 0.207400 ms CreateObjectMapping: 0.047800 ms MarkObjects: 1.613400 ms  DeleteObjects: 0.212000 ms)

========================================================================
Received Import Request.
  Time since last request: 22.784582 seconds.
  path: Assets/Script/First_Stage.cs
  artifactKey: Guid(06e8b9fc43741064e96281c33502e127) Importer(815301076,1909f56bfc062723c751e8b465ee728b)
Start importing Assets/Script/First_Stage.cs using Guid(06e8b9fc43741064e96281c33502e127) Importer(815301076,1909f56bfc062723c751e8b465ee728b)  -> (artifact id: '8499874b37144638e867d8792aeeb320') in 0.004751 seconds
  Import took 0.034369 seconds .

========================================================================
Received Import Request.
  Time since last request: 38.940885 seconds.
  path: ProjectSettings/TagManager.asset
  artifactKey: Guid(00000000000000003000000000000000) Importer(815301076,1909f56bfc062723c751e8b465ee728b)
Start importing ProjectSettings/TagManager.asset using Guid(00000000000000003000000000000000) Importer(815301076,1909f56bfc062723c751e8b465ee728b)  -> (artifact id: '5cdd425f01cf626211dd37e1af0dc49e') in 0.093863 seconds
  Import took 0.110766 seconds .

========================================================================
Received Prepare
Registering precompiled user dll's ...
Registered in 0.000959 seconds.
Begin MonoManager ReloadAssembly
Native extension for WindowsStandalone target not found
Native extension for WebGL target not found
Refreshing native plugins compatible for Editor in 0.29 ms, found 0 plugins.
Preloading 0 native plugins for Editor in 0.00 ms.
Mono: successfully reloaded assembly
- Completed reload, in  1.121 seconds
Platform modules already initialized, skipping
Refreshing native plugins compatible for Editor in 0.25 ms, found 0 plugins.
Preloading 0 native plugins for Editor in 0.00 ms.
Unloading 1414 Unused Serialized files (Serialized files now loaded: 0)
System memory in use before: 86.6 MB.
System memory in use after: 86.5 MB.

Unloading 10 unused Assets to reduce memory usage. Loaded Objects now: 2020.
Total: 2.103800 ms (FindLiveObjects: 0.167700 ms CreateObjectMapping: 0.051300 ms MarkObjects: 1.681900 ms  DeleteObjects: 0.201600 ms)

========================================================================
Received Prepare
Registering precompiled user dll's ...
Registered in 0.013975 seconds.
Begin MonoManager ReloadAssembly
Native extension for WindowsStandalone target not found
Native extension for WebGL target not found
Refreshing native plugins compatible for Editor in 0.49 ms, found 0 plugins.
Preloading 0 native plugins for Editor in 0.00 ms.
Mono: successfully reloaded assembly
- Completed reload, in  1.768 seconds
Platform modules already initialized, skipping
Refreshing native plugins compatible for Editor in 0.28 ms, found 0 plugins.
Preloading 0 native plugins for Editor in 0.00 ms.
Unloading 1414 Unused Serialized files (Serialized files now loaded: 0)
System memory in use before: 86.6 MB.
System memory in use after: 86.5 MB.

Unloading 9 unused Assets to reduce memory usage. Loaded Objects now: 2023.
Total: 2.647000 ms (FindLiveObjects: 0.190500 ms CreateObjectMapping: 0.052500 ms MarkObjects: 2.133500 ms  DeleteObjects: 0.268600 ms)

========================================================================
Received Prepare
Registering precompiled user dll's ...
Registered in 0.000914 seconds.
Begin MonoManager ReloadAssembly
Native extension for WindowsStandalone target not found
Native extension for WebGL target not found
Refreshing native plugins compatible for Editor in 0.26 ms, found 0 plugins.
Preloading 0 native plugins for Editor in 0.00 ms.
Mono: successfully reloaded assembly
- Completed reload, in  1.047 seconds
Platform modules already initialized, skipping
Refreshing native plugins compatible for Editor in 0.26 ms, found 0 plugins.
Preloading 0 native plugins for Editor in 0.00 ms.
Unloading 1414 Unused Serialized files (Serialized files now loaded: 0)
System memory in use before: 86.6 MB.
System memory in use after: 86.5 MB.

Unloading 9 unused Assets to reduce memory usage. Loaded Objects now: 2026.
Total: 1.990900 ms (FindLiveObjects: 0.189400 ms CreateObjectMapping: 0.055000 ms MarkObjects: 1.505900 ms  DeleteObjects: 0.239500 ms)

========================================================================
Received Prepare
Registering precompiled user dll's ...
Registered in 0.000839 seconds.
Begin MonoManager ReloadAssembly
Native extension for WindowsStandalone target not found
Native extension for WebGL target not found
Refreshing native plugins compatible for Editor in 0.32 ms, found 0 plugins.
Preloading 0 native plugins for Editor in 0.00 ms.
Mono: successfully reloaded assembly
- Completed reload, in  1.076 seconds
Platform modules already initialized, skipping
Refreshing native plugins compatible for Editor in 0.32 ms, found 0 plugins.
Preloading 0 native plugins for Editor in 0.00 ms.
Unloading 1414 Unused Serialized files (Serialized files now loaded: 0)
System memory in use before: 86.6 MB.
System memory in use after: 86.5 MB.

Unloading 9 unused Assets to reduce memory usage. Loaded Objects now: 2029.
Total: 44.850100 ms (FindLiveObjects: 0.329300 ms CreateObjectMapping: 0.076100 ms MarkObjects: 44.195500 ms  DeleteObjects: 0.247300 ms)

========================================================================
Received Prepare
Registering precompiled user dll's ...
Registered in 0.001094 seconds.
Begin MonoManager ReloadAssembly
Native extension for WindowsStandalone target not found
Native extension for WebGL target not found
Refreshing native plugins compatible for Editor in 0.38 ms, found 0 plugins.
Preloading 0 native plugins for Editor in 0.00 ms.
Mono: successfully reloaded assembly
- Completed reload, in  1.884 seconds
Platform modules already initialized, skipping
Refreshing native plugins compatible for Editor in 0.31 ms, found 0 plugins.
Preloading 0 native plugins for Editor in 0.00 ms.
Unloading 1414 Unused Serialized files (Serialized files now loaded: 0)
System memory in use before: 86.6 MB.
System memory in use after: 86.5 MB.

Unloading 9 unused Assets to reduce memory usage. Loaded Objects now: 2032.
Total: 3.190800 ms (FindLiveObjects: 0.262200 ms CreateObjectMapping: 0.267800 ms MarkObjects: 2.429700 ms  DeleteObjects: 0.229400 ms)

========================================================================
Received Prepare
Registering precompiled user dll's ...
Registered in 0.001018 seconds.
Begin MonoManager ReloadAssembly
Native extension for WindowsStandalone target not found
Native extension for WebGL target not found
Refreshing native plugins compatible for Editor in 0.26 ms, found 0 plugins.
Preloading 0 native plugins for Editor in 0.00 ms.
Mono: successfully reloaded assembly
- Completed reload, in  1.462 seconds
Platform modules already initialized, skipping
Refreshing native plugins compatible for Editor in 0.26 ms, found 0 plugins.
Preloading 0 native plugins for Editor in 0.00 ms.
Unloading 1414 Unused Serialized files (Serialized files now loaded: 0)
System memory in use before: 86.6 MB.
System memory in use after: 86.5 MB.

Unloading 9 unused Assets to reduce memory usage. Loaded Objects now: 2035.
Total: 2.427300 ms (FindLiveObjects: 0.196900 ms CreateObjectMapping: 0.055500 ms MarkObjects: 1.958700 ms  DeleteObjects: 0.215000 ms)

========================================================================
Received Prepare
Registering precompiled user dll's ...
Registered in 0.000904 seconds.
Begin MonoManager ReloadAssembly
Native extension for WindowsStandalone target not found
Native extension for WebGL target not found
Refreshing native plugins compatible for Editor in 0.25 ms, found 0 plugins.
Preloading 0 native plugins for Editor in 0.00 ms.
Mono: successfully reloaded assembly
- Completed reload, in  1.098 seconds
Platform modules already initialized, skipping
Refreshing native plugins compatible for Editor in 0.26 ms, found 0 plugins.
Preloading 0 native plugins for Editor in 0.00 ms.
Unloading 1414 Unused Serialized files (Serialized files now loaded: 0)
System memory in use before: 86.6 MB.
System memory in use after: 86.5 MB.

Unloading 9 unused Assets to reduce memory usage. Loaded Objects now: 2038.
Total: 2.021700 ms (FindLiveObjects: 0.191000 ms CreateObjectMapping: 0.054600 ms MarkObjects: 1.566100 ms  DeleteObjects: 0.208700 ms)

========================================================================
Received Prepare
Registering precompiled user dll's ...
Registered in 0.000824 seconds.
Begin MonoManager ReloadAssembly
Native extension for WindowsStandalone target not found
Native extension for WebGL target not found
Refreshing native plugins compatible for Editor in 0.26 ms, found 0 plugins.
Preloading 0 native plugins for Editor in 0.00 ms.
Mono: successfully reloaded assembly
- Completed reload, in  0.998 seconds
Platform modules already initialized, skipping
Refreshing native plugins compatible for Editor in 0.26 ms, found 0 plugins.
Preloading 0 native plugins for Editor in 0.00 ms.
Unloading 1414 Unused Serialized files (Serialized files now loaded: 0)
System memory in use before: 86.6 MB.
System memory in use after: 86.5 MB.

Unloading 9 unused Assets to reduce memory usage. Loaded Objects now: 2041.
Total: 2.458000 ms (FindLiveObjects: 0.261300 ms CreateObjectMapping: 0.062500 ms MarkObjects: 1.896800 ms  DeleteObjects: 0.235500 ms)

========================================================================
Received Prepare
Registering precompiled user dll's ...
Registered in 0.000955 seconds.
Begin MonoManager ReloadAssembly
Native extension for WindowsStandalone target not found
Native extension for WebGL target not found
Refreshing native plugins compatible for Editor in 0.28 ms, found 0 plugins.
Preloading 0 native plugins for Editor in 0.00 ms.
Mono: successfully reloaded assembly
- Completed reload, in  1.229 seconds
Platform modules already initialized, skipping
Refreshing native plugins compatible for Editor in 0.25 ms, found 0 plugins.
Preloading 0 native plugins for Editor in 0.00 ms.
Unloading 1414 Unused Serialized files (Serialized files now loaded: 0)
System memory in use before: 86.6 MB.
System memory in use after: 86.5 MB.

Unloading 9 unused Assets to reduce memory usage. Loaded Objects now: 2044.
Total: 2.652400 ms (FindLiveObjects: 0.179400 ms CreateObjectMapping: 0.111400 ms MarkObjects: 2.136500 ms  DeleteObjects: 0.223800 ms)

========================================================================
Received Prepare
Registering precompiled user dll's ...
Registered in 0.000970 seconds.
Begin MonoManager ReloadAssembly
Native extension for WindowsStandalone target not found
Native extension for WebGL target not found
Refreshing native plugins compatible for Editor in 0.31 ms, found 0 plugins.
Preloading 0 native plugins for Editor in 0.00 ms.
Mono: successfully reloaded assembly
- Completed reload, in  1.114 seconds
Platform modules already initialized, skipping
Refreshing native plugins compatible for Editor in 0.28 ms, found 0 plugins.
Preloading 0 native plugins for Editor in 0.00 ms.
Unloading 1413 Unused Serialized files (Serialized files now loaded: 0)
System memory in use before: 86.6 MB.
System memory in use after: 86.5 MB.

Unloading 9 unused Assets to reduce memory usage. Loaded Objects now: 2046.
Total: 3.272000 ms (FindLiveObjects: 0.511000 ms CreateObjectMapping: 0.121300 ms MarkObjects: 2.391800 ms  DeleteObjects: 0.246300 ms)

========================================================================
Received Prepare
Registering precompiled user dll's ...
Registered in 0.000794 seconds.
Begin MonoManager ReloadAssembly
Native extension for WindowsStandalone target not found
Native extension for WebGL target not found
Refreshing native plugins compatible for Editor in 0.26 ms, found 0 plugins.
Preloading 0 native plugins for Editor in 0.00 ms.
Mono: successfully reloaded assembly
- Completed reload, in  1.091 seconds
Platform modules already initialized, skipping
Refreshing native plugins compatible for Editor in 0.25 ms, found 0 plugins.
Preloading 0 native plugins for Editor in 0.00 ms.
Unloading 1413 Unused Serialized files (Serialized files now loaded: 0)
System memory in use before: 86.6 MB.
System memory in use after: 86.5 MB.

Unloading 9 unused Assets to reduce memory usage. Loaded Objects now: 2049.
Total: 1.983500 ms (FindLiveObjects: 0.172400 ms CreateObjectMapping: 0.049800 ms MarkObjects: 1.550400 ms  DeleteObjects: 0.209800 ms)

========================================================================
Received Prepare
Registering precompiled user dll's ...
Registered in 0.000822 seconds.
Begin MonoManager ReloadAssembly
Native extension for WindowsStandalone target not found
Native extension for WebGL target not found
Refreshing native plugins compatible for Editor in 0.27 ms, found 0 plugins.
Preloading 0 native plugins for Editor in 0.00 ms.
Mono: successfully reloaded assembly
- Completed reload, in  1.266 seconds
Platform modules already initialized, skipping
Refreshing native plugins compatible for Editor in 0.26 ms, found 0 plugins.
Preloading 0 native plugins for Editor in 0.00 ms.
Unloading 1413 Unused Serialized files (Serialized files now loaded: 0)
System memory in use before: 86.6 MB.
System memory in use after: 86.5 MB.

Unloading 9 unused Assets to reduce memory usage. Loaded Objects now: 2052.
Total: 2.081900 ms (FindLiveObjects: 0.189600 ms CreateObjectMapping: 0.050000 ms MarkObjects: 1.613600 ms  DeleteObjects: 0.227600 ms)

========================================================================
Received Prepare
Refreshing native plugins compatible for Editor in 0.85 ms, found 0 plugins.
Preloading 0 native plugins for Editor in 0.00 ms.
Unloading 6 Unused Serialized files (Serialized files now loaded: 0)
System memory in use before: 58.2 MB.
System memory in use after: 58.1 MB.

Unloading 6 unused Assets to reduce memory usage. Loaded Objects now: 2052.
Total: 2.352800 ms (FindLiveObjects: 0.202700 ms CreateObjectMapping: 0.049600 ms MarkObjects: 1.886300 ms  DeleteObjects: 0.212700 ms)

========================================================================
Received Prepare
Trying to reload asset but can't find object on disk

Trying to reload asset but can't find object on disk

Trying to reload asset but can't find object on disk

Trying to reload asset but can't find object on disk

Trying to reload asset but can't find object on disk

Trying to reload asset but can't find object on disk

Trying to reload asset but can't find object on disk

Trying to reload asset but can't find object on disk

Trying to reload asset but can't find object on disk

Trying to reload asset but can't find object on disk

Trying to reload asset but can't find object on disk

Trying to reload asset but can't find object on disk

Trying to reload asset but can't find object on disk

Trying to reload asset but can't find object on disk

Trying to reload asset but can't find object on disk

Trying to reload asset but can't find object on disk

Trying to reload asset but can't find object on disk

Registering precompiled user dll's ...
Registered in 0.001011 seconds.
Begin MonoManager ReloadAssembly
Native extension for WindowsStandalone target not found
Native extension for WebGL target not found
Refreshing native plugins compatible for Editor in 21.59 ms, found 0 plugins.
Preloading 0 native plugins for Editor in 0.00 ms.
Mono: successfully reloaded assembly
- Completed reload, in  1.253 seconds
Platform modules already initialized, skipping
Refreshing native plugins compatible for Editor in 0.44 ms, found 0 plugins.
Preloading 0 native plugins for Editor in 0.00 ms.
Unloading 1110 Unused Serialized files (Serialized files now loaded: 0)
System memory in use before: 79.8 MB.
System memory in use after: 79.8 MB.

Unloading 91 unused Assets to reduce memory usage. Loaded Objects now: 1969.
Total: 55.991500 ms (FindLiveObjects: 0.205700 ms CreateObjectMapping: 0.062300 ms MarkObjects: 1.820000 ms  DeleteObjects: 53.902100 ms)

AssetImportWorkerClient::OnTransportError - code=2 error=End of file
